# JRE version: Java(TM) SE Runtime Environment (16.0.1+9) (build 16.0.1+9-24)
# Java VM: Java HotSpot(TM) 64-Bit Server VM (16.0.1+9-24, mixed mode, sharing, tiered, compressed oops, compressed class ptrs, g1 gc, windows-amd64)
GC Precious Log:
 CPUs: 2 total, 2 available
 Memory: 4095M
 Large Page Support: Disabled
 NUMA Support: Disabled
 Compressed Oops: Enabled (32-bit)
 Heap Region Size: 1M
 Heap Min Capacity: 8M
 Heap Initial Capacity: 64M
 Heap Max Capacity: 1G
 Pre-touch: Disabled
 Parallel Workers: 2
 Concurrent Workers: 1
 Concurrent Refinement Workers: 2
 Periodic GC: Disabled
Heap:
 garbage-first heap   total 55296K, used 22912K [0x00000000c0000000, 0x0000000100000000)
  region size 1024K, 11 young (11264K), 3 survivors (3072K)
 Metaspace       used 25165K, committed 25408K, reserved 1073152K
  class space    used 3188K, committed 3328K, reserved 1048576K
GC Heap History (14 events):
Event: 0.244 GC heap before
{Heap before GC invocations=0 (full 0):
 garbage-first heap   total 65536K, used 5120K [0x00000000c0000000, 0x0000000100000000)
  region size 1024K, 6 young (6144K), 0 survivors (0K)
 Metaspace       used 1153K, committed 1280K, reserved 1056768K
  class space    used 105K, committed 192K, reserved 1048576K
}
Event: 0.250 GC heap after
{Heap after GC invocations=1 (full 0):
 garbage-first heap   total 65536K, used 1486K [0x00000000c0000000, 0x0000000100000000)
  region size 1024K, 1 young (1024K), 1 survivors (1024K)
 Metaspace       used 1153K, committed 1280K, reserved 1056768K
  class space    used 105K, committed 192K, reserved 1048576K
}
Event: 0.350 GC heap before
{Heap before GC invocations=1 (full 0):
 garbage-first heap   total 65536K, used 6606K [0x00000000c0000000, 0x0000000100000000)
  region size 1024K, 7 young (7168K), 1 survivors (1024K)
 Metaspace       used 1894K, committed 1984K, reserved 1056768K
  class space    used 178K, committed 192K, reserved 1048576K
}
Event: 0.354 GC heap after
{Heap after GC invocations=2 (full 0):
 garbage-first heap   total 65536K, used 3152K [0x00000000c0000000, 0x0000000100000000)
  region size 1024K, 1 young (1024K), 1 survivors (1024K)
 Metaspace       used 1894K, committed 1984K, reserved 1056768K
  class space    used 178K, committed 192K, reserved 1048576K
}
Event: 0.719 GC heap before
{Heap before GC invocations=2 (full 0):
 garbage-first heap   total 65536K, used 12368K [0x00000000c0000000, 0x0000000100000000)
  region size 1024K, 11 young (11264K), 1 survivors (1024K)
 Metaspace       used 2777K, committed 2880K, reserved 1056768K
  class space    used 258K, committed 320K, reserved 1048576K
}
Event: 0.725 GC heap after
{Heap after GC invocations=3 (full 0):
 garbage-first heap   total 65536K, used 8205K [0x00000000c0000000, 0x0000000100000000)
  region size 1024K, 2 young (2048K), 2 survivors (2048K)
 Metaspace       used 2777K, committed 2880K, reserved 1056768K
  class space    used 258K, committed 320K, reserved 1048576K
}
Event: 2.437 GC heap before
{Heap before GC invocations=3 (full 0):
 garbage-first heap   total 65536K, used 44045K [0x00000000c0000000, 0x0000000100000000)
  region size 1024K, 37 young (37888K), 2 survivors (2048K)
 Metaspace       used 11301K, committed 11520K, reserved 1064960K
  class space    used 1367K, committed 1472K, reserved 1048576K
}
Event: 2.447 GC heap after
{Heap after GC invocations=4 (full 0):
 garbage-first heap   total 65536K, used 10734K [0x00000000c0000000, 0x0000000100000000)
  region size 1024K, 5 young (5120K), 5 survivors (5120K)
 Metaspace       used 11301K, committed 11520K, reserved 1064960K
  class space    used 1367K, committed 1472K, reserved 1048576K
}
Event: 3.543 GC heap before
{Heap before GC invocations=4 (full 0):
 garbage-first heap   total 65536K, used 40430K [0x00000000c0000000, 0x0000000100000000)
  region size 1024K, 34 young (34816K), 5 survivors (5120K)
 Metaspace       used 17378K, committed 17600K, reserved 1064960K
  class space    used 2227K, committed 2368K, reserved 1048576K
}
Event: 3.553 GC heap after
{Heap after GC invocations=5 (full 0):
 garbage-first heap   total 65536K, used 12936K [0x00000000c0000000, 0x0000000100000000)
  region size 1024K, 5 young (5120K), 5 survivors (5120K)
 Metaspace       used 17378K, committed 17600K, reserved 1064960K
  class space    used 2227K, committed 2368K, reserved 1048576K
}
Event: 4.079 GC heap before
{Heap before GC invocations=5 (full 0):
 garbage-first heap   total 65536K, used 35464K [0x00000000c0000000, 0x0000000100000000)
  region size 1024K, 29 young (29696K), 5 survivors (5120K)
 Metaspace       used 21030K, committed 21248K, reserved 1073152K
  class space    used 2701K, committed 2816K, reserved 1048576K
}
Event: 4.091 GC heap after
{Heap after GC invocations=6 (full 0):
 garbage-first heap   total 65536K, used 14720K [0x00000000c0000000, 0x0000000100000000)
  region size 1024K, 4 young (4096K), 4 survivors (4096K)
 Metaspace       used 21030K, committed 21248K, reserved 1073152K
  class space    used 2701K, committed 2816K, reserved 1048576K
}
Event: 4.883 GC heap before
{Heap before GC invocations=7 (full 0):
 garbage-first heap   total 55296K, used 42368K [0x00000000c0000000, 0x0000000100000000)
  region size 1024K, 32 young (32768K), 4 survivors (4096K)
 Metaspace       used 24827K, committed 25088K, reserved 1073152K
  class space    used 3154K, committed 3328K, reserved 1048576K
}
Event: 4.893 GC heap after
{Heap after GC invocations=8 (full 0):
 garbage-first heap   total 55296K, used 15744K [0x00000000c0000000, 0x0000000100000000)
  region size 1024K, 3 young (3072K), 3 survivors (3072K)
 Metaspace       used 24827K, committed 25088K, reserved 1073152K
  class space    used 3154K, committed 3328K, reserved 1048576K
}

